  Source.cpp
C:\Users\PC\source\repos\Rjesenje_G2\Rjesenje_G2\Source.cpp(194,30): warning C4018: '<': signed/unsigned mismatch
C:\Users\PC\source\repos\Rjesenje_G2\Rjesenje_G2\Source.cpp(208,34): warning C4018: '<': signed/unsigned mismatch
C:\Users\PC\source\repos\Rjesenje_G2\Rjesenje_G2\Source.cpp(319,30): warning C4018: '<': signed/unsigned mismatch
C:\Users\PC\source\repos\Rjesenje_G2\Rjesenje_G2\Source.cpp(357,13): warning C4129: 'N': unrecognized character escape sequence
C:\Users\PC\source\repos\Rjesenje_G2\Rjesenje_G2\Source.cpp(365,13): warning C4326: return type of 'main' should be 'int' instead of 'void'
C:\Users\PC\source\repos\Rjesenje_G2\Rjesenje_G2\Source.cpp(116,37): warning C4018: '<': signed/unsigned mismatch
C:\Users\PC\source\repos\Rjesenje_G2\Rjesenje_G2\Source.cpp(113): message : while compiling class template member function 'Rjecnik<int,int,9> Rjecnik<int,int,9>::RemoveAt(int)'
C:\Users\PC\source\repos\Rjesenje_G2\Rjesenje_G2\Source.cpp(414): message : see reference to function template instantiation 'Rjecnik<int,int,9> Rjecnik<int,int,9>::RemoveAt(int)' being compiled
C:\Users\PC\source\repos\Rjesenje_G2\Rjesenje_G2\Source.cpp(378): message : see reference to class template instantiation 'Rjecnik<int,int,9>' being compiled
C:\Users\PC\source\repos\Rjesenje_G2\Rjesenje_G2\Source.cpp(100,34): warning C4018: '<': signed/unsigned mismatch
C:\Users\PC\source\repos\Rjesenje_G2\Rjesenje_G2\Source.cpp(97): message : while compiling class template member function 'void Rjecnik<int,int,9>::AddElement(const T1 &,const T2 &)'
          with
          [
              T1=int,
              T2=int
          ]
C:\Users\PC\source\repos\Rjesenje_G2\Rjesenje_G2\Source.cpp(381): message : see reference to function template instantiation 'void Rjecnik<int,int,9>::AddElement(const T1 &,const T2 &)' being compiled
          with
          [
              T1=int,
              T2=int
          ]
C:\Users\PC\source\repos\Rjesenje_G2\Rjesenje_G2\Source.cpp(91,30): warning C4018: '<': signed/unsigned mismatch
C:\Users\PC\source\repos\Rjesenje_G2\Rjesenje_G2\Source.cpp(90): message : while compiling class template member function 'std::ostream &operator <<(std::ostream &,const Rjecnik<int,int,9> &)'
C:\Users\PC\source\repos\Rjesenje_G2\Rjesenje_G2\Source.cpp(401): message : see reference to function template instantiation 'std::ostream &operator <<(std::ostream &,const Rjecnik<int,int,9> &)' being compiled
C:\Users\PC\source\repos\Rjesenje_G2\Rjesenje_G2\Source.cpp(62,30): warning C4018: '<': signed/unsigned mismatch
C:\Users\PC\source\repos\Rjesenje_G2\Rjesenje_G2\Source.cpp(58): message : while compiling class template member function 'Rjecnik<Karakteristike,int,4>::Rjecnik(const Rjecnik<Karakteristike,int,4> &)'
C:\Users\PC\source\repos\Rjesenje_G2\Rjesenje_G2\Source.cpp(172): message : see reference to function template instantiation 'Rjecnik<Karakteristike,int,4>::Rjecnik(const Rjecnik<Karakteristike,int,4> &)' being compiled
  Rjesenje_G2.vcxproj -> C:\Users\PC\source\repos\Rjesenje_G2\Debug\Rjesenje_G2.exe
